
> admin-dashboard@0.1.0 start
> react-scripts start

(node:66431) [DEP_WEBPACK_DEV_SERVER_ON_AFTER_SETUP_MIDDLEWARE] DeprecationWarning: 'onAfterSetupMiddleware' option is deprecated. Please use the 'setupMiddlewares' option.
(Use `node --trace-deprecation ...` to show where the warning was created)
(node:66431) [DEP_WEBPACK_DEV_SERVER_ON_BEFORE_SETUP_MIDDLEWARE] DeprecationWarning: 'onBeforeSetupMiddleware' option is deprecated. Please use the 'setupMiddlewares' option.
Starting the development server...

Compiled with warnings.

[eslint] 
src/components/forms/CategoryForm.jsx
  Line 4:35:  'TagIcon' is defined but never used         no-unused-vars
  Line 28:5:  'reset' is assigned a value but never used  no-unused-vars

src/components/forms/CustomerForm.jsx
  Line 4:13:  'EnvelopeIcon' is defined but never used       no-unused-vars
  Line 4:27:  'PhoneIcon' is defined but never used          no-unused-vars
  Line 25:5:  'watch' is assigned a value but never used     no-unused-vars
  Line 26:5:  'setValue' is assigned a value but never used  no-unused-vars
  Line 27:5:  'reset' is assigned a value but never used     no-unused-vars

src/components/forms/OrderForm.jsx
  Line 29:5:  'reset' is assigned a value but never used  no-unused-vars

src/components/ui/DataTable.jsx
  Line 19:19:  'setFilters' is assigned a value but never used  no-unused-vars

src/pages/Analytics.jsx
  Line 3:3:    'BarChart' is defined but never used                         no-unused-vars
  Line 3:13:   'Bar' is defined but never used                              no-unused-vars
  Line 3:56:   'Legend' is defined but never used                           no-unused-vars
  Line 4:3:    'LineChart' is defined but never used                        no-unused-vars
  Line 4:14:   'Line' is defined but never used                             no-unused-vars
  Line 17:10:  'loading' is assigned a value but never used                 no-unused-vars
  Line 28:9:   'mockSalesData' is assigned a value but never used           no-unused-vars
  Line 38:9:   'mockProductPerformance' is assigned a value but never used  no-unused-vars
  Line 46:9:   'mockCategorySales' is assigned a value but never used       no-unused-vars
  Line 54:9:   'mockOverview' is assigned a value but never used            no-unused-vars

src/pages/Categories.jsx
  Line 13:22:  'getStatusColor' is defined but never used  no-unused-vars

src/pages/CustomerDetail.jsx
  Line 38:6:  React Hook useEffect has a missing dependency: 'loadCustomer'. Either include it or remove the dependency array  react-hooks/exhaustive-deps

src/pages/Customers.jsx
  Line 9:3:   'UserIcon' is defined but never used                                                                               no-unused-vars
  Line 37:6:  React Hook useEffect has a missing dependency: 'fetchCustomers'. Either include it or remove the dependency array  react-hooks/exhaustive-deps

src/pages/Dashboard.jsx
  Line 124:9:  'getStatusColor' is assigned a value but never used  no-unused-vars

src/pages/Gallery.jsx
  Line 12:3:   'ArrowUpTrayIcon' is defined but never used                                                                           no-unused-vars
  Line 17:22:  'getStatusColor' is defined but never used                                                                            no-unused-vars
  Line 38:26:  'setConfirmContext' is assigned a value but never used                                                                no-unused-vars
  Line 53:6:   React Hook useEffect has a missing dependency: 'fetchGalleryItems'. Either include it or remove the dependency array  react-hooks/exhaustive-deps
  Line 139:9:  'handleSelectAll' is assigned a value but never used                                                                  no-unused-vars

src/pages/GalleryForm.jsx
  Line 36:6:  React Hook useEffect has a missing dependency: 'fetchGalleryItem'. Either include it or remove the dependency array  react-hooks/exhaustive-deps

src/pages/OrderDetail.jsx
  Line 4:43:  'EnvelopeIcon' is defined but never used                                                                      no-unused-vars
  Line 36:6:  React Hook useEffect has a missing dependency: 'loadOrder'. Either include it or remove the dependency array  react-hooks/exhaustive-deps

src/pages/Orders.jsx
  Line 11:3:   'CurrencyDollarIcon' is defined but never used                                                                  no-unused-vars
  Line 37:6:   React Hook useEffect has a missing dependency: 'fetchOrders'. Either include it or remove the dependency array  react-hooks/exhaustive-deps
  Line 184:9:  'getStatusBadge' is assigned a value but never used                                                             no-unused-vars

src/pages/Plugins.jsx
  Line 172:8:  React Hook useEffect has an unnecessary dependency: 'selectedPlugin'. Either exclude it or remove the dependency array. Outer scope values like 'selectedPlugin' aren't valid dependencies because mutating them doesn't re-render the component  react-hooks/exhaustive-deps

src/pages/ProductCreate.jsx
  Line 11:10:  'loading' is assigned a value but never used  no-unused-vars

src/pages/ProductDetail.jsx
  Line 5:39:   'PhotoIcon' is defined but never used                                                                           no-unused-vars
  Line 16:10:  'showEditModal' is assigned a value but never used                                                              no-unused-vars
  Line 60:6:   React Hook useEffect has a missing dependency: 'loadProduct'. Either include it or remove the dependency array  react-hooks/exhaustive-deps

src/pages/Products.jsx
  Line 10:3:   'ArchiveBoxIcon' is defined but never used                                                                        no-unused-vars
  Line 11:3:   'ArrowUpTrayIcon' is defined but never used                                                                       no-unused-vars
  Line 46:6:   React Hook useEffect has a missing dependency: 'fetchProducts'. Either include it or remove the dependency array  react-hooks/exhaustive-deps
  Line 162:9:  'getStatusBadge' is assigned a value but never used                                                               no-unused-vars

src/pages/Settings.jsx
  Line 72:6:  React Hook useEffect has a missing dependency: 'loadSettings'. Either include it or remove the dependency array  react-hooks/exhaustive-deps

src/utils/helpers.js
  Line 72:25:  Unnecessary escape character: \+  no-useless-escape
  Line 73:46:  Unnecessary escape character: \(  no-useless-escape
  Line 73:48:  Unnecessary escape character: \)  no-useless-escape

Search for the keywords to learn more about each warning.
To ignore, add // eslint-disable-next-line to the line before.

WARNING in [eslint] 
src/components/forms/CategoryForm.jsx
  Line 4:35:  'TagIcon' is defined but never used         no-unused-vars
  Line 28:5:  'reset' is assigned a value but never used  no-unused-vars

src/components/forms/CustomerForm.jsx
  Line 4:13:  'EnvelopeIcon' is defined but never used       no-unused-vars
  Line 4:27:  'PhoneIcon' is defined but never used          no-unused-vars
  Line 25:5:  'watch' is assigned a value but never used     no-unused-vars
  Line 26:5:  'setValue' is assigned a value but never used  no-unused-vars
  Line 27:5:  'reset' is assigned a value but never used     no-unused-vars

src/components/forms/OrderForm.jsx
  Line 29:5:  'reset' is assigned a value but never used  no-unused-vars

src/components/ui/DataTable.jsx
  Line 19:19:  'setFilters' is assigned a value but never used  no-unused-vars

src/pages/Analytics.jsx
  Line 3:3:    'BarChart' is defined but never used                         no-unused-vars
  Line 3:13:   'Bar' is defined but never used                              no-unused-vars
  Line 3:56:   'Legend' is defined but never used                           no-unused-vars
  Line 4:3:    'LineChart' is defined but never used                        no-unused-vars
  Line 4:14:   'Line' is defined but never used                             no-unused-vars
  Line 17:10:  'loading' is assigned a value but never used                 no-unused-vars
  Line 28:9:   'mockSalesData' is assigned a value but never used           no-unused-vars
  Line 38:9:   'mockProductPerformance' is assigned a value but never used  no-unused-vars
  Line 46:9:   'mockCategorySales' is assigned a value but never used       no-unused-vars
  Line 54:9:   'mockOverview' is assigned a value but never used            no-unused-vars

src/pages/Categories.jsx
  Line 13:22:  'getStatusColor' is defined but never used  no-unused-vars

src/pages/CustomerDetail.jsx
  Line 38:6:  React Hook useEffect has a missing dependency: 'loadCustomer'. Either include it or remove the dependency array  react-hooks/exhaustive-deps

src/pages/Customers.jsx
  Line 9:3:   'UserIcon' is defined but never used                                                                               no-unused-vars
  Line 37:6:  React Hook useEffect has a missing dependency: 'fetchCustomers'. Either include it or remove the dependency array  react-hooks/exhaustive-deps

src/pages/Dashboard.jsx
  Line 124:9:  'getStatusColor' is assigned a value but never used  no-unused-vars

src/pages/Gallery.jsx
  Line 12:3:   'ArrowUpTrayIcon' is defined but never used                                                                           no-unused-vars
  Line 17:22:  'getStatusColor' is defined but never used                                                                            no-unused-vars
  Line 38:26:  'setConfirmContext' is assigned a value but never used                                                                no-unused-vars
  Line 53:6:   React Hook useEffect has a missing dependency: 'fetchGalleryItems'. Either include it or remove the dependency array  react-hooks/exhaustive-deps
  Line 139:9:  'handleSelectAll' is assigned a value but never used                                                                  no-unused-vars

src/pages/GalleryForm.jsx
  Line 36:6:  React Hook useEffect has a missing dependency: 'fetchGalleryItem'. Either include it or remove the dependency array  react-hooks/exhaustive-deps

src/pages/OrderDetail.jsx
  Line 4:43:  'EnvelopeIcon' is defined but never used                                                                      no-unused-vars
  Line 36:6:  React Hook useEffect has a missing dependency: 'loadOrder'. Either include it or remove the dependency array  react-hooks/exhaustive-deps

src/pages/Orders.jsx
  Line 11:3:   'CurrencyDollarIcon' is defined but never used                                                                  no-unused-vars
  Line 37:6:   React Hook useEffect has a missing dependency: 'fetchOrders'. Either include it or remove the dependency array  react-hooks/exhaustive-deps
  Line 184:9:  'getStatusBadge' is assigned a value but never used                                                             no-unused-vars

src/pages/Plugins.jsx
  Line 172:8:  React Hook useEffect has an unnecessary dependency: 'selectedPlugin'. Either exclude it or remove the dependency array. Outer scope values like 'selectedPlugin' aren't valid dependencies because mutating them doesn't re-render the component  react-hooks/exhaustive-deps

src/pages/ProductCreate.jsx
  Line 11:10:  'loading' is assigned a value but never used  no-unused-vars

src/pages/ProductDetail.jsx
  Line 5:39:   'PhotoIcon' is defined but never used                                                                           no-unused-vars
  Line 16:10:  'showEditModal' is assigned a value but never used                                                              no-unused-vars
  Line 60:6:   React Hook useEffect has a missing dependency: 'loadProduct'. Either include it or remove the dependency array  react-hooks/exhaustive-deps

src/pages/Products.jsx
  Line 10:3:   'ArchiveBoxIcon' is defined but never used                                                                        no-unused-vars
  Line 11:3:   'ArrowUpTrayIcon' is defined but never used                                                                       no-unused-vars
  Line 46:6:   React Hook useEffect has a missing dependency: 'fetchProducts'. Either include it or remove the dependency array  react-hooks/exhaustive-deps
  Line 162:9:  'getStatusBadge' is assigned a value but never used                                                               no-unused-vars

src/pages/Settings.jsx
  Line 72:6:  React Hook useEffect has a missing dependency: 'loadSettings'. Either include it or remove the dependency array  react-hooks/exhaustive-deps

src/utils/helpers.js
  Line 72:25:  Unnecessary escape character: \+  no-useless-escape
  Line 73:46:  Unnecessary escape character: \(  no-useless-escape
  Line 73:48:  Unnecessary escape character: \)  no-useless-escape

webpack compiled with 1 warning

> admin-dashboard@0.1.0 start
> react-scripts start

(node:70036) [DEP_WEBPACK_DEV_SERVER_ON_AFTER_SETUP_MIDDLEWARE] DeprecationWarning: 'onAfterSetupMiddleware' option is deprecated. Please use the 'setupMiddlewares' option.
(Use `node --trace-deprecation ...` to show where the warning was created)
(node:70036) [DEP_WEBPACK_DEV_SERVER_ON_BEFORE_SETUP_MIDDLEWARE] DeprecationWarning: 'onBeforeSetupMiddleware' option is deprecated. Please use the 'setupMiddlewares' option.
Starting the development server...

Compiled successfully!

You can now view admin-dashboard in the browser.

  Local:            http://localhost:3000
  On Your Network:  http://192.168.1.67:3000

Note that the development build is not optimized.
To create a production build, use npm run build.

webpack compiled successfully

> admin-dashboard@0.1.0 start
> react-scripts start

(node:74796) [DEP_WEBPACK_DEV_SERVER_ON_AFTER_SETUP_MIDDLEWARE] DeprecationWarning: 'onAfterSetupMiddleware' option is deprecated. Please use the 'setupMiddlewares' option.
(Use `node --trace-deprecation ...` to show where the warning was created)
(node:74796) [DEP_WEBPACK_DEV_SERVER_ON_BEFORE_SETUP_MIDDLEWARE] DeprecationWarning: 'onBeforeSetupMiddleware' option is deprecated. Please use the 'setupMiddlewares' option.
Starting the development server...

Compiled successfully!

You can now view admin-dashboard in the browser.

  Local:            http://localhost:3000
  On Your Network:  http://192.168.1.67:3000

Note that the development build is not optimized.
To create a production build, use npm run build.

webpack compiled successfully

> admin-dashboard@0.1.0 start
> react-scripts start

(node:80402) [DEP_WEBPACK_DEV_SERVER_ON_AFTER_SETUP_MIDDLEWARE] DeprecationWarning: 'onAfterSetupMiddleware' option is deprecated. Please use the 'setupMiddlewares' option.
(Use `node --trace-deprecation ...` to show where the warning was created)
(node:80402) [DEP_WEBPACK_DEV_SERVER_ON_BEFORE_SETUP_MIDDLEWARE] DeprecationWarning: 'onBeforeSetupMiddleware' option is deprecated. Please use the 'setupMiddlewares' option.
Starting the development server...

Compiled successfully!

You can now view admin-dashboard in the browser.

  Local:            http://localhost:3000
  On Your Network:  http://192.168.1.67:3000

Note that the development build is not optimized.
To create a production build, use npm run build.

webpack compiled successfully
Compiling...
Compiled successfully!
webpack compiled successfully
Compiling...
Compiled successfully!
webpack compiled successfully
Compiling...
Compiled successfully!
webpack compiled successfully
Compiling...
Compiled successfully!
webpack compiled successfully
Compiling...
Compiled successfully!
webpack compiled successfully
Compiling...
Compiled successfully!
webpack compiled successfully
Compiling...
Compiled successfully!
webpack compiled successfully
Compiling...
Compiled successfully!
webpack compiled successfully
Compiling...
Compiled successfully!
webpack compiled successfully
Compiling...
Compiled successfully!
webpack compiled successfully
Compiling...
Compiled successfully!
webpack compiled successfully
Compiling...
Compiled with warnings.

[eslint] 
src/pages/EditorialCreate.jsx
  Line 76:25:  'api' is assigned a value but never used  no-unused-vars

Search for the keywords to learn more about each warning.
To ignore, add // eslint-disable-next-line to the line before.

WARNING in [eslint] 
src/pages/EditorialCreate.jsx
  Line 76:25:  'api' is assigned a value but never used  no-unused-vars

webpack compiled with 1 warning
Compiling...
Compiled successfully!
webpack compiled successfully
Compiling...
Compiled successfully!
webpack compiled successfully

> admin-dashboard@0.1.0 start
> react-scripts start

(node:88415) [DEP_WEBPACK_DEV_SERVER_ON_AFTER_SETUP_MIDDLEWARE] DeprecationWarning: 'onAfterSetupMiddleware' option is deprecated. Please use the 'setupMiddlewares' option.
(Use `node --trace-deprecation ...` to show where the warning was created)
(node:88415) [DEP_WEBPACK_DEV_SERVER_ON_BEFORE_SETUP_MIDDLEWARE] DeprecationWarning: 'onBeforeSetupMiddleware' option is deprecated. Please use the 'setupMiddlewares' option.
Starting the development server...

Compiled successfully!

You can now view admin-dashboard in the browser.

  Local:            http://localhost:3000
  On Your Network:  http://192.168.1.67:3000

Note that the development build is not optimized.
To create a production build, use npm run build.

webpack compiled successfully

> admin-dashboard@0.1.0 start
> react-scripts start

(node:90947) [DEP_WEBPACK_DEV_SERVER_ON_AFTER_SETUP_MIDDLEWARE] DeprecationWarning: 'onAfterSetupMiddleware' option is deprecated. Please use the 'setupMiddlewares' option.
(Use `node --trace-deprecation ...` to show where the warning was created)
(node:90947) [DEP_WEBPACK_DEV_SERVER_ON_BEFORE_SETUP_MIDDLEWARE] DeprecationWarning: 'onBeforeSetupMiddleware' option is deprecated. Please use the 'setupMiddlewares' option.
Starting the development server...

Compiled successfully!

You can now view admin-dashboard in the browser.

  Local:            http://localhost:3000
  On Your Network:  http://192.168.1.67:3000

Note that the development build is not optimized.
To create a production build, use npm run build.

webpack compiled successfully

> admin-dashboard@0.1.0 start
> react-scripts start

(node:92436) [DEP_WEBPACK_DEV_SERVER_ON_AFTER_SETUP_MIDDLEWARE] DeprecationWarning: 'onAfterSetupMiddleware' option is deprecated. Please use the 'setupMiddlewares' option.
(Use `node --trace-deprecation ...` to show where the warning was created)
(node:92436) [DEP_WEBPACK_DEV_SERVER_ON_BEFORE_SETUP_MIDDLEWARE] DeprecationWarning: 'onBeforeSetupMiddleware' option is deprecated. Please use the 'setupMiddlewares' option.
Starting the development server...

Compiled successfully!

You can now view admin-dashboard in the browser.

  Local:            http://localhost:3000
  On Your Network:  http://192.168.1.67:3000

Note that the development build is not optimized.
To create a production build, use npm run build.

webpack compiled successfully
Compiling...
Compiled successfully!
webpack compiled successfully
Compiling...
Compiled successfully!
webpack compiled successfully

> admin-dashboard@0.1.0 start
> react-scripts start

(node:95148) [DEP_WEBPACK_DEV_SERVER_ON_AFTER_SETUP_MIDDLEWARE] DeprecationWarning: 'onAfterSetupMiddleware' option is deprecated. Please use the 'setupMiddlewares' option.
(Use `node --trace-deprecation ...` to show where the warning was created)
(node:95148) [DEP_WEBPACK_DEV_SERVER_ON_BEFORE_SETUP_MIDDLEWARE] DeprecationWarning: 'onBeforeSetupMiddleware' option is deprecated. Please use the 'setupMiddlewares' option.
Starting the development server...

Compiled successfully!

You can now view admin-dashboard in the browser.

  Local:            http://localhost:3000
  On Your Network:  http://192.168.1.67:3000

Note that the development build is not optimized.
To create a production build, use npm run build.

webpack compiled successfully
Compiling...
Compiled successfully!
webpack compiled successfully
Compiling...
Compiled successfully!
webpack compiled successfully

> admin-dashboard@0.1.0 start
> react-scripts start

(node:4266) [DEP_WEBPACK_DEV_SERVER_ON_AFTER_SETUP_MIDDLEWARE] DeprecationWarning: 'onAfterSetupMiddleware' option is deprecated. Please use the 'setupMiddlewares' option.
(Use `node --trace-deprecation ...` to show where the warning was created)
(node:4266) [DEP_WEBPACK_DEV_SERVER_ON_BEFORE_SETUP_MIDDLEWARE] DeprecationWarning: 'onBeforeSetupMiddleware' option is deprecated. Please use the 'setupMiddlewares' option.
Starting the development server...

Compiled successfully!

You can now view admin-dashboard in the browser.

  Local:            http://localhost:3000
  On Your Network:  http://192.168.1.11:3000

Note that the development build is not optimized.
To create a production build, use npm run build.

webpack compiled successfully

> admin-dashboard@0.1.0 start
> react-scripts start

(node:4690) [DEP_WEBPACK_DEV_SERVER_ON_AFTER_SETUP_MIDDLEWARE] DeprecationWarning: 'onAfterSetupMiddleware' option is deprecated. Please use the 'setupMiddlewares' option.
(Use `node --trace-deprecation ...` to show where the warning was created)
(node:4690) [DEP_WEBPACK_DEV_SERVER_ON_BEFORE_SETUP_MIDDLEWARE] DeprecationWarning: 'onBeforeSetupMiddleware' option is deprecated. Please use the 'setupMiddlewares' option.
Starting the development server...

Compiled successfully!

You can now view admin-dashboard in the browser.

  Local:            http://localhost:3000
  On Your Network:  http://192.168.1.11:3000

Note that the development build is not optimized.
To create a production build, use npm run build.

webpack compiled successfully
Compiling...
Compiled successfully!
webpack compiled successfully
Compiling...
Compiled successfully!
webpack compiled successfully
Compiling...
Compiled successfully!
webpack compiled successfully
Compiling...
Compiled with warnings.

[eslint] 
src/pages/HotelEdit.jsx
  Line 45:6:  React Hook useEffect has a missing dependency: 'fetchHotel'. Either include it or remove the dependency array  react-hooks/exhaustive-deps

src/pages/Hotels.jsx
  Line 11:22:  'formatCurrency' is defined but never used                                                                      no-unused-vars
  Line 37:6:   React Hook useEffect has a missing dependency: 'fetchHotels'. Either include it or remove the dependency array  react-hooks/exhaustive-deps

Search for the keywords to learn more about each warning.
To ignore, add // eslint-disable-next-line to the line before.

WARNING in [eslint] 
src/pages/HotelEdit.jsx
  Line 45:6:  React Hook useEffect has a missing dependency: 'fetchHotel'. Either include it or remove the dependency array  react-hooks/exhaustive-deps

src/pages/Hotels.jsx
  Line 11:22:  'formatCurrency' is defined but never used                                                                      no-unused-vars
  Line 37:6:   React Hook useEffect has a missing dependency: 'fetchHotels'. Either include it or remove the dependency array  react-hooks/exhaustive-deps

webpack compiled with 1 warning
Compiling...
Compiled with warnings.

[eslint] 
src/pages/HotelEdit.jsx
  Line 45:6:  React Hook useEffect has a missing dependency: 'fetchHotel'. Either include it or remove the dependency array  react-hooks/exhaustive-deps

src/pages/Hotels.jsx
  Line 11:22:  'formatCurrency' is defined but never used                                                                      no-unused-vars
  Line 37:6:   React Hook useEffect has a missing dependency: 'fetchHotels'. Either include it or remove the dependency array  react-hooks/exhaustive-deps

Search for the keywords to learn more about each warning.
To ignore, add // eslint-disable-next-line to the line before.

WARNING in [eslint] 
src/pages/HotelEdit.jsx
  Line 45:6:  React Hook useEffect has a missing dependency: 'fetchHotel'. Either include it or remove the dependency array  react-hooks/exhaustive-deps

src/pages/Hotels.jsx
  Line 11:22:  'formatCurrency' is defined but never used                                                                      no-unused-vars
  Line 37:6:   React Hook useEffect has a missing dependency: 'fetchHotels'. Either include it or remove the dependency array  react-hooks/exhaustive-deps

webpack compiled with 1 warning
Compiling...
Compiled with warnings.

[eslint] 
src/pages/HotelEdit.jsx
  Line 45:6:  React Hook useEffect has a missing dependency: 'fetchHotel'. Either include it or remove the dependency array  react-hooks/exhaustive-deps

src/pages/Hotels.jsx
  Line 8:3:    'EyeIcon' is defined but never used                                                                             no-unused-vars
  Line 11:22:  'formatCurrency' is defined but never used                                                                      no-unused-vars
  Line 37:6:   React Hook useEffect has a missing dependency: 'fetchHotels'. Either include it or remove the dependency array  react-hooks/exhaustive-deps

Search for the keywords to learn more about each warning.
To ignore, add // eslint-disable-next-line to the line before.

WARNING in [eslint] 
src/pages/HotelEdit.jsx
  Line 45:6:  React Hook useEffect has a missing dependency: 'fetchHotel'. Either include it or remove the dependency array  react-hooks/exhaustive-deps

src/pages/Hotels.jsx
  Line 8:3:    'EyeIcon' is defined but never used                                                                             no-unused-vars
  Line 11:22:  'formatCurrency' is defined but never used                                                                      no-unused-vars
  Line 37:6:   React Hook useEffect has a missing dependency: 'fetchHotels'. Either include it or remove the dependency array  react-hooks/exhaustive-deps

webpack compiled with 1 warning
Compiling...
Compiled with warnings.

[eslint] 
src/pages/HotelEdit.jsx
  Line 45:6:  React Hook useEffect has a missing dependency: 'fetchHotel'. Either include it or remove the dependency array  react-hooks/exhaustive-deps

src/pages/Hotels.jsx
  Line 8:3:    'EyeIcon' is defined but never used                                                                             no-unused-vars
  Line 11:22:  'formatCurrency' is defined but never used                                                                      no-unused-vars
  Line 37:6:   React Hook useEffect has a missing dependency: 'fetchHotels'. Either include it or remove the dependency array  react-hooks/exhaustive-deps

Search for the keywords to learn more about each warning.
To ignore, add // eslint-disable-next-line to the line before.

WARNING in [eslint] 
src/pages/HotelEdit.jsx
  Line 45:6:  React Hook useEffect has a missing dependency: 'fetchHotel'. Either include it or remove the dependency array  react-hooks/exhaustive-deps

src/pages/Hotels.jsx
  Line 8:3:    'EyeIcon' is defined but never used                                                                             no-unused-vars
  Line 11:22:  'formatCurrency' is defined but never used                                                                      no-unused-vars
  Line 37:6:   React Hook useEffect has a missing dependency: 'fetchHotels'. Either include it or remove the dependency array  react-hooks/exhaustive-deps

webpack compiled with 1 warning

> admin-dashboard@0.1.0 start
> react-scripts start

(node:8949) [DEP_WEBPACK_DEV_SERVER_ON_AFTER_SETUP_MIDDLEWARE] DeprecationWarning: 'onAfterSetupMiddleware' option is deprecated. Please use the 'setupMiddlewares' option.
(Use `node --trace-deprecation ...` to show where the warning was created)
(node:8949) [DEP_WEBPACK_DEV_SERVER_ON_BEFORE_SETUP_MIDDLEWARE] DeprecationWarning: 'onBeforeSetupMiddleware' option is deprecated. Please use the 'setupMiddlewares' option.
Starting the development server...

Compiled successfully!

You can now view admin-dashboard in the browser.

  Local:            http://localhost:3000
  On Your Network:  http://192.168.1.11:3000

Note that the development build is not optimized.
To create a production build, use npm run build.

webpack compiled successfully

> admin-dashboard@0.1.0 start
> react-scripts start

(node:10101) [DEP_WEBPACK_DEV_SERVER_ON_AFTER_SETUP_MIDDLEWARE] DeprecationWarning: 'onAfterSetupMiddleware' option is deprecated. Please use the 'setupMiddlewares' option.
(Use `node --trace-deprecation ...` to show where the warning was created)
(node:10101) [DEP_WEBPACK_DEV_SERVER_ON_BEFORE_SETUP_MIDDLEWARE] DeprecationWarning: 'onBeforeSetupMiddleware' option is deprecated. Please use the 'setupMiddlewares' option.
Starting the development server...

Compiled successfully!

You can now view admin-dashboard in the browser.

  Local:            http://localhost:3000
  On Your Network:  http://192.168.1.11:3000

Note that the development build is not optimized.
To create a production build, use npm run build.

webpack compiled successfully
Compiling...
Compiled with warnings.

[eslint] 
src/components/Layout/Sidebar.jsx
  Line 14:3:  'BuildingOfficeIcon' is defined but never used  no-unused-vars

Search for the keywords to learn more about each warning.
To ignore, add // eslint-disable-next-line to the line before.

WARNING in [eslint] 
src/components/Layout/Sidebar.jsx
  Line 14:3:  'BuildingOfficeIcon' is defined but never used  no-unused-vars

webpack compiled with 1 warning
Compiling...
Compiled successfully!
webpack compiled successfully
Compiling...
Compiled successfully!
webpack compiled successfully
Compiling...
Compiled with warnings.

[eslint] 
src/pages/Orders.jsx
  Line 11:3:   'CurrencyDollarIcon' is defined but never used                                                                  no-unused-vars
  Line 37:6:   React Hook useEffect has a missing dependency: 'fetchOrders'. Either include it or remove the dependency array  react-hooks/exhaustive-deps
  Line 184:9:  'getStatusBadge' is assigned a value but never used                                                             no-unused-vars

Search for the keywords to learn more about each warning.
To ignore, add // eslint-disable-next-line to the line before.

WARNING in [eslint] 
src/pages/Orders.jsx
  Line 11:3:   'CurrencyDollarIcon' is defined but never used                                                                  no-unused-vars
  Line 37:6:   React Hook useEffect has a missing dependency: 'fetchOrders'. Either include it or remove the dependency array  react-hooks/exhaustive-deps
  Line 184:9:  'getStatusBadge' is assigned a value but never used                                                             no-unused-vars

webpack compiled with 1 warning
Compiling...
Compiled with warnings.

[eslint] 
src/pages/Orders.jsx
  Line 11:3:   'CurrencyDollarIcon' is defined but never used                                                                  no-unused-vars
  Line 37:6:   React Hook useEffect has a missing dependency: 'fetchOrders'. Either include it or remove the dependency array  react-hooks/exhaustive-deps
  Line 184:9:  'getStatusBadge' is assigned a value but never used                                                             no-unused-vars

Search for the keywords to learn more about each warning.
To ignore, add // eslint-disable-next-line to the line before.

WARNING in [eslint] 
src/pages/Orders.jsx
  Line 11:3:   'CurrencyDollarIcon' is defined but never used                                                                  no-unused-vars
  Line 37:6:   React Hook useEffect has a missing dependency: 'fetchOrders'. Either include it or remove the dependency array  react-hooks/exhaustive-deps
  Line 184:9:  'getStatusBadge' is assigned a value but never used                                                             no-unused-vars

webpack compiled with 1 warning

> admin-dashboard@0.1.0 start
> react-scripts start

(node:18302) [DEP_WEBPACK_DEV_SERVER_ON_AFTER_SETUP_MIDDLEWARE] DeprecationWarning: 'onAfterSetupMiddleware' option is deprecated. Please use the 'setupMiddlewares' option.
(Use `node --trace-deprecation ...` to show where the warning was created)
(node:18302) [DEP_WEBPACK_DEV_SERVER_ON_BEFORE_SETUP_MIDDLEWARE] DeprecationWarning: 'onBeforeSetupMiddleware' option is deprecated. Please use the 'setupMiddlewares' option.
Starting the development server...

Compiled with warnings.

[eslint] 
src/pages/Orders.jsx
  Line 11:3:   'CurrencyDollarIcon' is defined but never used                                                                  no-unused-vars
  Line 37:6:   React Hook useEffect has a missing dependency: 'fetchOrders'. Either include it or remove the dependency array  react-hooks/exhaustive-deps
  Line 184:9:  'getStatusBadge' is assigned a value but never used                                                             no-unused-vars

Search for the keywords to learn more about each warning.
To ignore, add // eslint-disable-next-line to the line before.

WARNING in [eslint] 
src/pages/Orders.jsx
  Line 11:3:   'CurrencyDollarIcon' is defined but never used                                                                  no-unused-vars
  Line 37:6:   React Hook useEffect has a missing dependency: 'fetchOrders'. Either include it or remove the dependency array  react-hooks/exhaustive-deps
  Line 184:9:  'getStatusBadge' is assigned a value but never used                                                             no-unused-vars

webpack compiled with 1 warning
Compiling...
Compiled with warnings.

[eslint] 
src/pages/Orders.jsx
  Line 11:3:   'CurrencyDollarIcon' is defined but never used                                                                  no-unused-vars
  Line 37:6:   React Hook useEffect has a missing dependency: 'fetchOrders'. Either include it or remove the dependency array  react-hooks/exhaustive-deps
  Line 184:9:  'getStatusBadge' is assigned a value but never used                                                             no-unused-vars

Search for the keywords to learn more about each warning.
To ignore, add // eslint-disable-next-line to the line before.

WARNING in [eslint] 
src/pages/Orders.jsx
  Line 11:3:   'CurrencyDollarIcon' is defined but never used                                                                  no-unused-vars
  Line 37:6:   React Hook useEffect has a missing dependency: 'fetchOrders'. Either include it or remove the dependency array  react-hooks/exhaustive-deps
  Line 184:9:  'getStatusBadge' is assigned a value but never used                                                             no-unused-vars

webpack compiled with 1 warning

> admin-dashboard@0.1.0 start
> react-scripts start

(node:19100) [DEP_WEBPACK_DEV_SERVER_ON_AFTER_SETUP_MIDDLEWARE] DeprecationWarning: 'onAfterSetupMiddleware' option is deprecated. Please use the 'setupMiddlewares' option.
(Use `node --trace-deprecation ...` to show where the warning was created)
(node:19100) [DEP_WEBPACK_DEV_SERVER_ON_BEFORE_SETUP_MIDDLEWARE] DeprecationWarning: 'onBeforeSetupMiddleware' option is deprecated. Please use the 'setupMiddlewares' option.
Starting the development server...

Compiled successfully!

You can now view admin-dashboard in the browser.

  Local:            http://localhost:3000
  On Your Network:  http://192.168.1.11:3000

Note that the development build is not optimized.
To create a production build, use npm run build.

webpack compiled successfully
